{"numFailedTestSuites":0,"numFailedTests":0,"numPassedTestSuites":1,"numPassedTests":4,"numPendingTestSuites":0,"numPendingTests":0,"numRuntimeErrorTestSuites":0,"numTodoTests":0,"numTotalTestSuites":1,"numTotalTests":4,"openHandles":[],"snapshot":{"added":0,"didUpdate":false,"failure":false,"filesAdded":0,"filesRemoved":0,"filesRemovedList":[],"filesUnmatched":0,"filesUpdated":0,"matched":0,"total":0,"unchecked":0,"uncheckedKeysByFile":[],"unmatched":0,"updated":0},"startTime":1779047193626,"success":true,"testResults":[{"assertionResults":[{"ancestorTitles":["SimulationContent"],"duration":442,"failureDetails":[],"failureMessages":[],"fullName":"SimulationContent renders correctly and shows algorithm name","invocations":1,"location":null,"numPassingAsserts":1,"retryReasons":[],"status":"passed","title":"renders correctly and shows algorithm name"},{"ancestorTitles":["SimulationContent"],"duration":29,"failureDetails":[],"failureMessages":[],"fullName":"SimulationContent calls play when Play button is pressed","invocations":1,"location":null,"numPassingAsserts":1,"retryReasons":[],"status":"passed","title":"calls play when Play button is pressed"},{"ancestorTitles":["SimulationContent"],"duration":27,"failureDetails":[],"failureMessages":[],"fullName":"SimulationContent calls resetSimulation when Reset button is pressed","invocations":1,"location":null,"numPassingAsserts":1,"retryReasons":[],"status":"passed","title":"calls resetSimulation when Reset button is pressed"},{"ancestorTitles":["SimulationContent"],"duration":26,"failureDetails":[],"failureMessages":[],"fullName":"SimulationContent changes speed when SpeedSlider is used","invocations":1,"location":null,"numPassingAsserts":1,"retryReasons":[],"status":"passed","title":"changes speed when SpeedSlider is used"}],"endTime":1779047196219,"message":"","name":"D:\\wolas\\brainsort-app\\src\\screens\\simulation\\__tests__\\SimulationContent.test.tsx","startTime":1779047193745,"status":"passed","summary":""}],"wasInterrupted":false}
